2025-07-22 16:32:54,238 - main - WARNING - 사용자 'admin' 로그인 실패
2025-07-22 16:32:56,841 - main - WARNING - 사용자 'admin' 로그인 실패
2025-07-22 16:33:40,626 - main - WARNING - 사용자 'user' 로그인 실패
2025-07-22 16:38:09,714 - main - WARNING - 사용자 'admin' 로그인 실패
2025-07-22 16:38:13,495 - main - WARNING - 사용자 'admin' 로그인 실패
2025-07-22 16:38:26,324 - main - WARNING - 사용자 'admin' 로그인 실패
2025-07-22 16:39:48,964 - main - WARNING - 사용자 'admin' 로그인 실패
2025-07-22 16:40:22,018 - main - WARNING - 사용자 'admin' 로그인 실패
2025-07-22 16:40:27,100 - main - WARNING - 사용자 'admin' 로그인 실패
2025-07-22 16:43:37,397 - main - INFO - 사용자 'admin' 로그인 성공
2025-07-22 16:44:33,395 - main - INFO - 사용자 'admin' 로그인 성공
2025-07-22 16:44:57,943 - main - WARNING - 사용자 'admin' 로그인 실패
2025-07-22 16:45:04,498 - main - INFO - 사용자 'admin' 로그인 성공
2025-07-22 16:45:46,858 - main - INFO - 사용자 'admin' 로그인 성공
2025-07-22 16:46:15,082 - main - INFO - 사용자 'admin' 로그인 성공
2025-07-22 16:46:53,291 - main - WARNING - 사용자 'admin' 로그인 실패
2025-07-22 16:47:05,008 - main - INFO - 사용자 'admin' 로그인 성공
2025-07-22 16:49:34,255 - main - INFO - 사용자 'admin' 로그인 성공
2025-07-22 16:50:26,846 - main - INFO - 사용자 'admin' 로그인 성공
2025-07-22 16:55:51,052 - main - INFO - 사용자 'admin' 로그인 성공
2025-07-22 17:09:25,999 - main - INFO - 사용자 'admin' 로그인 성공
2025-07-22 17:14:32,599 - main - WARNING - 사용자 'admin' 로그인 실패
2025-07-22 17:24:05,137 - main - WARNING - 사용자 'admin' 로그인 실패
2025-07-22 17:24:10,969 - main - WARNING - 사용자 'admin' 로그인 실패
2025-07-22 17:24:11,164 - main - WARNING - 사용자 'admin' 로그인 실패
2025-07-22 17:24:31,886 - main - INFO - 사용자 'admin' 로그인 성공
2025-07-22 17:24:32,194 - main - INFO - 사용자 'admin' 로그인 성공
2025-07-22 17:26:43,643 - main - INFO - 사용자 'admin' 로그인 성공
2025-07-22 17:26:43,884 - main - INFO - 사용자 'admin' 로그인 성공
2025-07-22 17:26:48,595 - main - WARNING - 사용자 'admin' 로그인 실패
2025-07-22 17:26:48,810 - main - WARNING - 사용자 'admin' 로그인 실패
2025-07-22 17:26:52,625 - main - INFO - 사용자 'admin' 로그인 성공
2025-07-22 17:26:52,825 - main - INFO - 사용자 'admin' 로그인 성공
2025-07-22 17:27:04,513 - main - WARNING - 사용자 'admin' 로그인 실패
2025-07-22 17:27:06,275 - main - INFO - 사용자 'admin' 로그인 성공
2025-07-22 17:27:06,473 - main - INFO - 사용자 'admin' 로그인 성공
2025-07-22 17:27:32,944 - main - WARNING - 사용자 'admin' 로그인 실패
2025-07-22 17:27:33,188 - main - WARNING - 사용자 'admin' 로그인 실패
2025-07-22 17:27:36,112 - main - INFO - 사용자 'admin' 로그인 성공
2025-07-22 17:27:36,310 - main - INFO - 사용자 'admin' 로그인 성공
2025-07-22 17:27:48,076 - main - INFO - 사용자 'admin' 로그인 성공
2025-07-22 17:28:51,492 - main - INFO - 사용자 'admin' 로그인 성공
2025-07-22 17:29:44,157 - main - INFO - 사용자 'admin' 로그인 성공
2025-07-22 17:30:31,046 - main - WARNING - 사용자 'admin' 로그인 실패
2025-07-22 17:30:31,294 - main - WARNING - 사용자 'admin' 로그인 실패
2025-07-22 17:30:33,541 - main - INFO - 사용자 'admin' 로그인 성공
2025-07-22 17:30:49,835 - main - INFO - 사용자 'admin' 로그인 성공
2025-07-22 17:30:50,031 - main - INFO - 사용자 'admin' 로그인 성공
2025-07-22 17:31:57,035 - main - INFO - 사용자 'admin' 로그인 성공
2025-07-22 17:31:57,304 - main - INFO - 사용자 'admin' 로그인 성공
2025-07-22 21:18:37,110 - main - INFO - MySQL 데이터베이스 초기화 완료
2025-07-22 21:18:37,110 - main - INFO - ✅ MySQL 데이터베이스가 성공적으로 초기화되었습니다.
2025-07-22 21:18:38,176 - main - INFO - MySQL 데이터베이스 초기화 완료
2025-07-22 21:18:38,176 - main - INFO - ✅ MySQL 데이터베이스가 성공적으로 초기화되었습니다.
2025-07-22 21:18:54,499 - main - INFO - MySQL 데이터베이스 초기화 완료
2025-07-22 21:18:54,500 - main - INFO - ✅ MySQL 데이터베이스가 성공적으로 초기화되었습니다.
2025-07-22 21:25:37,255 - main - INFO - 사용자 'admin' 로그인 성공
2025-07-22 21:25:37,469 - main - INFO - 사용자 'admin' 로그인 성공
2025-07-22 21:36:43,955 - main - INFO - 서버 정보 저장 완료: 이미지 서버 (192.168.0.17)
2025-07-22 21:36:43,956 - main - INFO - SSH 키 설치 및 서버 저장 성공: 이미지 서버
2025-07-22 22:01:22,855 - main - INFO - MySQL 데이터베이스 초기화 완료
2025-07-22 22:01:22,855 - main - INFO - ✅ MySQL 데이터베이스가 성공적으로 초기화되었습니다.
2025-07-22 22:04:50,959 - main - INFO - 사용자 'admin' 로그인 성공
2025-07-22 22:04:51,230 - main - INFO - 사용자 'admin' 로그인 성공
2025-07-22 22:05:12,149 - main - INFO - 사용자 'admin' 로그인 성공
2025-07-22 22:05:12,397 - main - INFO - 사용자 'admin' 로그인 성공
2025-07-22 22:50:55,506 - main - INFO - MySQL 데이터베이스 초기화 완료
2025-07-22 22:50:55,506 - main - INFO - ✅ MySQL 데이터베이스가 성공적으로 초기화되었습니다.
2025-07-22 22:59:54,607 - main - INFO - 사용자 'admin' 로그인 성공
2025-07-22 22:59:54,779 - main - INFO - 사용자 'admin' 로그인 성공
2025-07-22 23:00:05,820 - main - WARNING - 사용자 'admin' 로그인 실패
2025-07-22 23:00:05,972 - main - WARNING - 사용자 'admin' 로그인 실패
2025-07-22 23:00:09,100 - main - INFO - 사용자 'admin' 로그인 성공
2025-07-22 23:11:01,606 - main - INFO - MySQL 데이터베이스 초기화 완료
2025-07-22 23:11:01,608 - main - INFO - ✅ MySQL 데이터베이스가 성공적으로 초기화되었습니다.
2025-07-22 23:11:17,965 - main - INFO - MySQL 데이터베이스 초기화 완료
2025-07-22 23:11:17,965 - main - INFO - ✅ MySQL 데이터베이스가 성공적으로 초기화되었습니다.
2025-07-22 23:11:42,389 - main - INFO - MySQL 데이터베이스 초기화 완료
2025-07-22 23:11:42,389 - main - INFO - ✅ MySQL 데이터베이스가 성공적으로 초기화되었습니다.
2025-07-22 23:12:37,417 - main - INFO - MySQL 데이터베이스 초기화 완료
2025-07-22 23:12:37,417 - main - INFO - ✅ MySQL 데이터베이스가 성공적으로 초기화되었습니다.
2025-07-22 23:12:51,251 - main - INFO - MySQL 데이터베이스 초기화 완료
2025-07-22 23:12:51,251 - main - INFO - ✅ MySQL 데이터베이스가 성공적으로 초기화되었습니다.
2025-07-22 23:13:03,157 - main - INFO - MySQL 데이터베이스 초기화 완료
2025-07-22 23:13:03,157 - main - INFO - ✅ MySQL 데이터베이스가 성공적으로 초기화되었습니다.
2025-07-22 23:13:40,931 - main - INFO - MySQL 데이터베이스 초기화 완료
2025-07-22 23:13:40,931 - main - INFO - ✅ MySQL 데이터베이스가 성공적으로 초기화되었습니다.
2025-07-22 23:13:57,764 - main - INFO - MySQL 데이터베이스 초기화 완료
2025-07-22 23:13:57,765 - main - INFO - ✅ MySQL 데이터베이스가 성공적으로 초기화되었습니다.
2025-07-22 23:14:20,753 - main - INFO - MySQL 데이터베이스 초기화 완료
2025-07-22 23:14:20,754 - main - INFO - ✅ MySQL 데이터베이스가 성공적으로 초기화되었습니다.
2025-07-22 23:15:55,030 - main - INFO - 사용자 'admin' 로그인 성공
2025-07-22 23:15:55,238 - main - INFO - 사용자 'admin' 로그인 성공
2025-07-22 23:16:10,285 - main - WARNING - 위험한 명령어 차단: chmod 777 * - 권한 상승/시스템 설정 변경 차단: \bchmod\s+777\b
2025-07-22 23:16:51,789 - main - WARNING - 위험한 명령어 차단: fdisk - 시스템 파괴적 명령어 차단: \bfdisk\b
2025-07-22 23:16:59,082 - main - WARNING - 위험한 명령어 차단: sudo su - - 권한 상승/시스템 설정 변경 차단: \bsudo\b
2025-07-22 23:17:15,316 - main - INFO - MySQL 데이터베이스 초기화 완료
2025-07-22 23:17:15,317 - main - INFO - ✅ MySQL 데이터베이스가 성공적으로 초기화되었습니다.
2025-07-22 23:17:38,082 - main - INFO - 사용자 'admin' 로그인 성공
2025-07-22 23:17:38,277 - main - INFO - 사용자 'admin' 로그인 성공
2025-07-22 23:17:58,263 - main - WARNING - 위험한 명령어 차단: sudo su - - 권한 상승/시스템 설정 변경 차단: \bsudo\b
2025-07-22 23:19:10,500 - main - WARNING - 위험한 명령어 차단: sudo - 권한 상승/시스템 설정 변경 차단: \bsudo\b
2025-07-22 23:19:25,546 - main - INFO - MySQL 데이터베이스 초기화 완료
2025-07-22 23:19:25,546 - main - INFO - ✅ MySQL 데이터베이스가 성공적으로 초기화되었습니다.
2025-07-22 23:20:45,873 - main - INFO - MySQL 데이터베이스 초기화 완료
2025-07-22 23:20:45,873 - main - INFO - ✅ MySQL 데이터베이스가 성공적으로 초기화되었습니다.
2025-07-22 23:20:59,642 - main - INFO - MySQL 데이터베이스 초기화 완료
2025-07-22 23:20:59,642 - main - INFO - ✅ MySQL 데이터베이스가 성공적으로 초기화되었습니다.
2025-07-22 23:21:02,800 - main - INFO - MySQL 데이터베이스 초기화 완료
2025-07-22 23:21:02,800 - main - INFO - ✅ MySQL 데이터베이스가 성공적으로 초기화되었습니다.
2025-07-22 23:21:34,311 - main - INFO - MySQL 데이터베이스 초기화 완료
2025-07-22 23:21:34,311 - main - INFO - ✅ MySQL 데이터베이스가 성공적으로 초기화되었습니다.
2025-07-22 23:21:46,405 - main - INFO - MySQL 데이터베이스 초기화 완료
2025-07-22 23:21:46,406 - main - INFO - ✅ MySQL 데이터베이스가 성공적으로 초기화되었습니다.
2025-07-22 23:22:03,726 - main - INFO - 사용자 'admin' 로그인 성공
2025-07-22 23:22:03,877 - main - INFO - 사용자 'admin' 로그인 성공
2025-07-22 23:22:27,479 - main - WARNING - 위험한 명령어 차단: chmod 777 * - 권한 상승/시스템 설정 변경 차단: \bchmod\s+777\b
2025-07-22 23:22:30,400 - main - WARNING - 위험한 명령어 차단: sudo su - - 권한 상승/시스템 설정 변경 차단: \bsu\s+
2025-07-22 23:22:43,135 - main - INFO - MySQL 데이터베이스 초기화 완료
2025-07-22 23:22:43,135 - main - INFO - ✅ MySQL 데이터베이스가 성공적으로 초기화되었습니다.
2025-07-22 23:24:04,190 - main - INFO - 사용자 'admin' 로그인 성공
2025-07-22 23:24:04,358 - main - INFO - 사용자 'admin' 로그인 성공
2025-07-22 23:29:47,754 - main - INFO - MySQL 데이터베이스 초기화 완료
2025-07-22 23:29:47,754 - main - INFO - ✅ MySQL 데이터베이스가 성공적으로 초기화되었습니다.
2025-07-22 23:30:00,414 - main - WARNING - 사용자 'admin' 로그인 실패
2025-07-22 23:30:00,612 - main - WARNING - 사용자 'admin' 로그인 실패
2025-07-22 23:30:04,358 - main - INFO - 사용자 'admin' 로그인 성공
2025-07-22 23:30:04,562 - main - INFO - 사용자 'admin' 로그인 성공
2025-07-22 23:32:09,373 - main - WARNING - 위험한 명령어 차단: chmod 777 * - 권한 상승/시스템 설정 변경 차단: \bchmod\s+777\b
2025-07-22 23:36:47,699 - main - WARNING - 위험한 명령어 차단: fdisk - 시스템 파괴적 명령어 차단: \bfdisk\b
2025-07-22 23:37:23,701 - main - WARNING - 위험한 명령어 차단: rm -Rf * - 시스템 파괴적 명령어 차단: \brm\s+.*-rf\b
